# JRE version: Java(TM) SE Runtime Environment (8.0_231-b11) (build 1.8.0_231-b11)
# Java VM: Java HotSpot(TM) 64-Bit Server VM (25.231-b11 mixed mode windows-amd64 compressed oops)
Heap:
 PSYoungGen      total 147968K, used 79809K [0x00000000f5580000, 0x0000000100000000, 0x0000000100000000)
  eden space 121344K, 43% used [0x00000000f5580000,0x00000000f89750d8,0x00000000fcc00000)
  from space 26624K, 99% used [0x00000000fcc00000,0x00000000fe5fb6b0,0x00000000fe600000)
  to   space 26624K, 0% used [0x00000000fe600000,0x00000000fe600000,0x0000000100000000)
 ParOldGen       total 229376K, used 50932K [0x00000000e0000000, 0x00000000ee000000, 0x00000000f5580000)
  object space 229376K, 22% used [0x00000000e0000000,0x00000000e31bd058,0x00000000ee000000)
 Metaspace       used 67642K, capacity 71584K, committed 71728K, reserved 1110016K
  class space    used 9312K, capacity 10460K, committed 10544K, reserved 1048576K
GC Heap History (10 events):
Event: 17.511 GC heap before
{Heap before GC invocations=10 (full 2):
 PSYoungGen      total 159232K, used 159213K [0x00000000f5580000, 0x0000000100000000, 0x0000000100000000)
  eden space 143872K, 100% used [0x00000000f5580000,0x00000000fe200000,0x00000000fe200000)
  from space 15360K, 99% used [0x00000000fe200000,0x00000000ff0fb408,0x00000000ff100000)
  to   space 15360K, 0% used [0x00000000ff100000,0x00000000ff100000,0x0000000100000000)
 ParOldGen       total 175104K, used 23112K [0x00000000e0000000, 0x00000000eab00000, 0x00000000f5580000)
  object space 175104K, 13% used [0x00000000e0000000,0x00000000e1692020,0x00000000eab00000)
 Metaspace       used 55130K, capacity 57534K, committed 57776K, reserved 1099776K
  class space    used 7638K, capacity 8333K, committed 8368K, reserved 1048576K
Event: 17.528 GC heap after
Heap after GC invocations=10 (full 2):
 PSYoungGen      total 140800K, used 15342K [0x00000000f5580000, 0x0000000100000000, 0x0000000100000000)
  eden space 125440K, 0% used [0x00000000f5580000,0x00000000f5580000,0x00000000fd000000)
  from space 15360K, 99% used [0x00000000ff100000,0x00000000ffffb960,0x0000000100000000)
  to   space 24576K, 0% used [0x00000000fd000000,0x00000000fd000000,0x00000000fe800000)
 ParOldGen       total 175104K, used 34076K [0x00000000e0000000, 0x00000000eab00000, 0x00000000f5580000)
  object space 175104K, 19% used [0x00000000e0000000,0x00000000e2147388,0x00000000eab00000)
 Metaspace       used 55130K, capacity 57534K, committed 57776K, reserved 1099776K
  class space    used 7638K, capacity 8333K, committed 8368K, reserved 1048576K
}
Event: 18.056 GC heap before
{Heap before GC invocations=11 (full 2):
 PSYoungGen      total 140800K, used 50510K [0x00000000f5580000, 0x0000000100000000, 0x0000000100000000)
  eden space 125440K, 28% used [0x00000000f5580000,0x00000000f77d8128,0x00000000fd000000)
  from space 15360K, 99% used [0x00000000ff100000,0x00000000ffffb960,0x0000000100000000)
  to   space 24576K, 0% used [0x00000000fd000000,0x00000000fd000000,0x00000000fe800000)
 ParOldGen       total 175104K, used 34076K [0x00000000e0000000, 0x00000000eab00000, 0x00000000f5580000)
  object space 175104K, 19% used [0x00000000e0000000,0x00000000e2147388,0x00000000eab00000)
 Metaspace       used 56688K, capacity 59070K, committed 59160K, reserved 1099776K
  class space    used 7852K, capacity 8578K, committed 8624K, reserved 1048576K
Event: 18.145 GC heap after
Heap after GC invocations=11 (full 2):
 PSYoungGen      total 144896K, used 19153K [0x00000000f5580000, 0x0000000100000000, 0x0000000100000000)
  eden space 125440K, 0% used [0x00000000f5580000,0x00000000f5580000,0x00000000fd000000)
  from space 19456K, 98% used [0x00000000fd000000,0x00000000fe2b4700,0x00000000fe300000)
  to   space 26112K, 0% used [0x00000000fe680000,0x00000000fe680000,0x0000000100000000)
 ParOldGen       total 175104K, used 34076K [0x00000000e0000000, 0x00000000eab00000, 0x00000000f5580000)
  object space 175104K, 19% used [0x00000000e0000000,0x00000000e2147388,0x00000000eab00000)
 Metaspace       used 56688K, capacity 59070K, committed 59160K, reserved 1099776K
  class space    used 7852K, capacity 8578K, committed 8624K, reserved 1048576K
}
Event: 18.145 GC heap before
{Heap before GC invocations=12 (full 3):
 PSYoungGen      total 144896K, used 19153K [0x00000000f5580000, 0x0000000100000000, 0x0000000100000000)
  eden space 125440K, 0% used [0x00000000f5580000,0x00000000f5580000,0x00000000fd000000)
  from space 19456K, 98% used [0x00000000fd000000,0x00000000fe2b4700,0x00000000fe300000)
  to   space 26112K, 0% used [0x00000000fe680000,0x00000000fe680000,0x0000000100000000)
 ParOldGen       total 175104K, used 34076K [0x00000000e0000000, 0x00000000eab00000, 0x00000000f5580000)
  object space 175104K, 19% used [0x00000000e0000000,0x00000000e2147388,0x00000000eab00000)
 Metaspace       used 56688K, capacity 59070K, committed 59160K, reserved 1099776K
  class space    used 7852K, capacity 8578K, committed 8624K, reserved 1048576K
Event: 18.656 GC heap after
Heap after GC invocations=12 (full 3):
 PSYoungGen      total 144896K, used 0K [0x00000000f5580000, 0x0000000100000000, 0x0000000100000000)
  eden space 125440K, 0% used [0x00000000f5580000,0x00000000f5580000,0x00000000fd000000)
  from space 19456K, 0% used [0x00000000fd000000,0x00000000fd000000,0x00000000fe300000)
  to   space 26112K, 0% used [0x00000000fe680000,0x00000000fe680000,0x0000000100000000)
 ParOldGen       total 229376K, used 47614K [0x00000000e0000000, 0x00000000ee000000, 0x00000000f5580000)
  object space 229376K, 20% used [0x00000000e0000000,0x00000000e2e7fa98,0x00000000ee000000)
 Metaspace       used 56688K, capacity 59070K, committed 59160K, reserved 1099776K
  class space    used 7852K, capacity 8578K, committed 8624K, reserved 1048576K
}
Event: 21.246 GC heap before
{Heap before GC invocations=13 (full 3):
 PSYoungGen      total 144896K, used 125440K [0x00000000f5580000, 0x0000000100000000, 0x0000000100000000)
  eden space 125440K, 100% used [0x00000000f5580000,0x00000000fd000000,0x00000000fd000000)
  from space 19456K, 0% used [0x00000000fd000000,0x00000000fd000000,0x00000000fe300000)
  to   space 26112K, 0% used [0x00000000fe680000,0x00000000fe680000,0x0000000100000000)
 ParOldGen       total 229376K, used 47614K [0x00000000e0000000, 0x00000000ee000000, 0x00000000f5580000)
  object space 229376K, 20% used [0x00000000e0000000,0x00000000e2e7fa98,0x00000000ee000000)
 Metaspace       used 61014K, capacity 64726K, committed 64944K, reserved 1103872K
  class space    used 8491K, capacity 9561K, committed 9648K, reserved 1048576K
Event: 21.258 GC heap after
Heap after GC invocations=13 (full 3):
 PSYoungGen      total 147456K, used 18355K [0x00000000f5580000, 0x0000000100000000, 0x0000000100000000)
  eden space 121344K, 0% used [0x00000000f5580000,0x00000000f5580000,0x00000000fcc00000)
  from space 26112K, 70% used [0x00000000fe680000,0x00000000ff86cd50,0x0000000100000000)
  to   space 26624K, 0% used [0x00000000fcc00000,0x00000000fcc00000,0x00000000fe600000)
 ParOldGen       total 229376K, used 47686K [0x00000000e0000000, 0x00000000ee000000, 0x00000000f5580000)
  object space 229376K, 20% used [0x00000000e0000000,0x00000000e2e91aa8,0x00000000ee000000)
 Metaspace       used 61014K, capacity 64726K, committed 64944K, reserved 1103872K
  class space    used 8491K, capacity 9561K, committed 9648K, reserved 1048576K
}
Event: 25.155 GC heap before
{Heap before GC invocations=14 (full 3):
 PSYoungGen      total 147456K, used 139699K [0x00000000f5580000, 0x0000000100000000, 0x0000000100000000)
  eden space 121344K, 100% used [0x00000000f5580000,0x00000000fcc00000,0x00000000fcc00000)
  from space 26112K, 70% used [0x00000000fe680000,0x00000000ff86cd50,0x0000000100000000)
  to   space 26624K, 0% used [0x00000000fcc00000,0x00000000fcc00000,0x00000000fe600000)
 ParOldGen       total 229376K, used 47686K [0x00000000e0000000, 0x00000000ee000000, 0x00000000f5580000)
  object space 229376K, 20% used [0x00000000e0000000,0x00000000e2e91aa8,0x00000000ee000000)
 Metaspace       used 67198K, capacity 71152K, committed 71344K, reserved 1110016K
  class space    used 9287K, capacity 10388K, committed 10416K, reserved 1048576K
Event: 25.184 GC heap after
Heap after GC invocations=14 (full 3):
 PSYoungGen      total 147968K, used 26605K [0x00000000f5580000, 0x0000000100000000, 0x0000000100000000)
  eden space 121344K, 0% used [0x00000000f5580000,0x00000000f5580000,0x00000000fcc00000)
  from space 26624K, 99% used [0x00000000fcc00000,0x00000000fe5fb6b0,0x00000000fe600000)
  to   space 26624K, 0% used [0x00000000fe600000,0x00000000fe600000,0x0000000100000000)
 ParOldGen       total 229376K, used 50932K [0x00000000e0000000, 0x00000000ee000000, 0x00000000f5580000)
  object space 229376K, 22% used [0x00000000e0000000,0x00000000e31bd058,0x00000000ee000000)
 Metaspace       used 67198K, capacity 71152K, committed 71344K, reserved 1110016K
  class space    used 9287K, capacity 10388K, committed 10416K, reserved 1048576K
}

