# JRE version: Java(TM) SE Runtime Environment (8.0_231-b11) (build 1.8.0_231-b11)
# Java VM: Java HotSpot(TM) 64-Bit Server VM (25.231-b11 mixed mode windows-amd64 compressed oops)
Heap:
 PSYoungGen      total 141824K, used 64149K [0x00000000f5580000, 0x0000000100000000, 0x0000000100000000)
  eden space 123392K, 37% used [0x00000000f5580000,0x00000000f829c9b0,0x00000000fce00000)
  from space 18432K, 97% used [0x00000000fce00000,0x00000000fdf88ab0,0x00000000fe000000)
  to   space 26112K, 0% used [0x00000000fe680000,0x00000000fe680000,0x0000000100000000)
 ParOldGen       total 218112K, used 44777K [0x00000000e0000000, 0x00000000ed500000, 0x00000000f5580000)
  object space 218112K, 20% used [0x00000000e0000000,0x00000000e2bba790,0x00000000ed500000)
 Metaspace       used 63090K, capacity 67034K, committed 67248K, reserved 1105920K
  class space    used 8775K, capacity 9895K, committed 9904K, reserved 1048576K
GC Heap History (10 events):
Event: 13.148 GC heap before
{Heap before GC invocations=10 (full 2):
 PSYoungGen      total 116224K, used 101376K [0x00000000f5580000, 0x0000000100000000, 0x0000000100000000)
  eden space 101376K, 100% used [0x00000000f5580000,0x00000000fb880000,0x00000000fb880000)
  from space 14848K, 0% used [0x00000000fb880000,0x00000000fb880000,0x00000000fc700000)
  to   space 14848K, 0% used [0x00000000ff180000,0x00000000ff180000,0x0000000100000000)
 ParOldGen       total 175104K, used 18518K [0x00000000e0000000, 0x00000000eab00000, 0x00000000f5580000)
  object space 175104K, 10% used [0x00000000e0000000,0x00000000e1215a00,0x00000000eab00000)
 Metaspace       used 45260K, capacity 46340K, committed 46512K, reserved 1089536K
  class space    used 6169K, capacity 6497K, committed 6576K, reserved 1048576K
Event: 13.159 GC heap after
Heap after GC invocations=10 (full 2):
 PSYoungGen      total 156672K, used 14823K [0x00000000f5580000, 0x0000000100000000, 0x0000000100000000)
  eden space 141824K, 0% used [0x00000000f5580000,0x00000000f5580000,0x00000000fe000000)
  from space 14848K, 99% used [0x00000000ff180000,0x00000000ffff9c08,0x0000000100000000)
  to   space 16384K, 0% used [0x00000000fe000000,0x00000000fe000000,0x00000000ff000000)
 ParOldGen       total 175104K, used 18526K [0x00000000e0000000, 0x00000000eab00000, 0x00000000f5580000)
  object space 175104K, 10% used [0x00000000e0000000,0x00000000e1217a00,0x00000000eab00000)
 Metaspace       used 45260K, capacity 46340K, committed 46512K, reserved 1089536K
  class space    used 6169K, capacity 6497K, committed 6576K, reserved 1048576K
}
Event: 15.335 GC heap before
{Heap before GC invocations=11 (full 2):
 PSYoungGen      total 156672K, used 156647K [0x00000000f5580000, 0x0000000100000000, 0x0000000100000000)
  eden space 141824K, 100% used [0x00000000f5580000,0x00000000fe000000,0x00000000fe000000)
  from space 14848K, 99% used [0x00000000ff180000,0x00000000ffff9c08,0x0000000100000000)
  to   space 16384K, 0% used [0x00000000fe000000,0x00000000fe000000,0x00000000ff000000)
 ParOldGen       total 175104K, used 18526K [0x00000000e0000000, 0x00000000eab00000, 0x00000000f5580000)
  object space 175104K, 10% used [0x00000000e0000000,0x00000000e1217a00,0x00000000eab00000)
 Metaspace       used 53942K, capacity 55890K, committed 55984K, reserved 1097728K
  class space    used 7457K, capacity 8031K, committed 8112K, reserved 1048576K
Event: 15.359 GC heap after
Heap after GC invocations=11 (full 2):
 PSYoungGen      total 158208K, used 16372K [0x00000000f5580000, 0x0000000100000000, 0x0000000100000000)
  eden space 141824K, 0% used [0x00000000f5580000,0x00000000f5580000,0x00000000fe000000)
  from space 16384K, 99% used [0x00000000fe000000,0x00000000feffd320,0x00000000ff000000)
  to   space 16384K, 0% used [0x00000000ff000000,0x00000000ff000000,0x0000000100000000)
 ParOldGen       total 175104K, used 25439K [0x00000000e0000000, 0x00000000eab00000, 0x00000000f5580000)
  object space 175104K, 14% used [0x00000000e0000000,0x00000000e18d7c18,0x00000000eab00000)
 Metaspace       used 53942K, capacity 55890K, committed 55984K, reserved 1097728K
  class space    used 7457K, capacity 8031K, committed 8112K, reserved 1048576K
}
Event: 21.205 GC heap before
{Heap before GC invocations=12 (full 2):
 PSYoungGen      total 158208K, used 99331K [0x00000000f5580000, 0x0000000100000000, 0x0000000100000000)
  eden space 141824K, 58% used [0x00000000f5580000,0x00000000fa683b18,0x00000000fe000000)
  from space 16384K, 99% used [0x00000000fe000000,0x00000000feffd320,0x00000000ff000000)
  to   space 16384K, 0% used [0x00000000ff000000,0x00000000ff000000,0x0000000100000000)
 ParOldGen       total 175104K, used 25439K [0x00000000e0000000, 0x00000000eab00000, 0x00000000f5580000)
  object space 175104K, 14% used [0x00000000e0000000,0x00000000e18d7c18,0x00000000eab00000)
 Metaspace       used 56618K, capacity 59138K, committed 59160K, reserved 1099776K
  class space    used 7857K, capacity 8606K, committed 8624K, reserved 1048576K
Event: 21.229 GC heap after
Heap after GC invocations=12 (full 2):
 PSYoungGen      total 139776K, used 16376K [0x00000000f5580000, 0x0000000100000000, 0x0000000100000000)
  eden space 123392K, 0% used [0x00000000f5580000,0x00000000f5580000,0x00000000fce00000)
  from space 16384K, 99% used [0x00000000ff000000,0x00000000ffffe060,0x0000000100000000)
  to   space 25600K, 0% used [0x00000000fce00000,0x00000000fce00000,0x00000000fe700000)
 ParOldGen       total 175104K, used 35812K [0x00000000e0000000, 0x00000000eab00000, 0x00000000f5580000)
  object space 175104K, 20% used [0x00000000e0000000,0x00000000e22f9260,0x00000000eab00000)
 Metaspace       used 56618K, capacity 59138K, committed 59160K, reserved 1099776K
  class space    used 7857K, capacity 8606K, committed 8624K, reserved 1048576K
}
Event: 21.229 GC heap before
{Heap before GC invocations=13 (full 3):
 PSYoungGen      total 139776K, used 16376K [0x00000000f5580000, 0x0000000100000000, 0x0000000100000000)
  eden space 123392K, 0% used [0x00000000f5580000,0x00000000f5580000,0x00000000fce00000)
  from space 16384K, 99% used [0x00000000ff000000,0x00000000ffffe060,0x0000000100000000)
  to   space 25600K, 0% used [0x00000000fce00000,0x00000000fce00000,0x00000000fe700000)
 ParOldGen       total 175104K, used 35812K [0x00000000e0000000, 0x00000000eab00000, 0x00000000f5580000)
  object space 175104K, 20% used [0x00000000e0000000,0x00000000e22f9260,0x00000000eab00000)
 Metaspace       used 56618K, capacity 59138K, committed 59160K, reserved 1099776K
  class space    used 7857K, capacity 8606K, committed 8624K, reserved 1048576K
Event: 21.466 GC heap after
Heap after GC invocations=13 (full 3):
 PSYoungGen      total 139776K, used 0K [0x00000000f5580000, 0x0000000100000000, 0x0000000100000000)
  eden space 123392K, 0% used [0x00000000f5580000,0x00000000f5580000,0x00000000fce00000)
  from space 16384K, 0% used [0x00000000ff000000,0x00000000ff000000,0x0000000100000000)
  to   space 25600K, 0% used [0x00000000fce00000,0x00000000fce00000,0x00000000fe700000)
 ParOldGen       total 218112K, used 44769K [0x00000000e0000000, 0x00000000ed500000, 0x00000000f5580000)
  object space 218112K, 20% used [0x00000000e0000000,0x00000000e2bb8790,0x00000000ed500000)
 Metaspace       used 56618K, capacity 59138K, committed 59160K, reserved 1099776K
  class space    used 7857K, capacity 8606K, committed 8624K, reserved 1048576K
}
Event: 23.456 GC heap before
{Heap before GC invocations=14 (full 3):
 PSYoungGen      total 139776K, used 123392K [0x00000000f5580000, 0x0000000100000000, 0x0000000100000000)
  eden space 123392K, 100% used [0x00000000f5580000,0x00000000fce00000,0x00000000fce00000)
  from space 16384K, 0% used [0x00000000ff000000,0x00000000ff000000,0x0000000100000000)
  to   space 25600K, 0% used [0x00000000fce00000,0x00000000fce00000,0x00000000fe700000)
 ParOldGen       total 218112K, used 44769K [0x00000000e0000000, 0x00000000ed500000, 0x00000000f5580000)
  object space 218112K, 20% used [0x00000000e0000000,0x00000000e2bb8790,0x00000000ed500000)
 Metaspace       used 61053K, capacity 64852K, committed 64944K, reserved 1103872K
  class space    used 8505K, capacity 9642K, committed 9648K, reserved 1048576K
Event: 23.474 GC heap after
Heap after GC invocations=14 (full 3):
 PSYoungGen      total 141824K, used 17954K [0x00000000f5580000, 0x0000000100000000, 0x0000000100000000)
  eden space 123392K, 0% used [0x00000000f5580000,0x00000000f5580000,0x00000000fce00000)
  from space 18432K, 97% used [0x00000000fce00000,0x00000000fdf88ab0,0x00000000fe000000)
  to   space 26112K, 0% used [0x00000000fe680000,0x00000000fe680000,0x0000000100000000)
 ParOldGen       total 218112K, used 44777K [0x00000000e0000000, 0x00000000ed500000, 0x00000000f5580000)
  object space 218112K, 20% used [0x00000000e0000000,0x00000000e2bba790,0x00000000ed500000)
 Metaspace       used 61053K, capacity 64852K, committed 64944K, reserved 1103872K
  class space    used 8505K, capacity 9642K, committed 9648K, reserved 1048576K
}

